Using pre-set license
Built from '2020.3/release' branch; Version is '2020.3.12f1 (b3b2c6512326) revision 11776710'; Using compiler version '192528614'; Build Type 'Release'
OS: 'Windows 10 Home; OS build 19041.1237; Version 2004; 64bit' Language: 'fr' Physical Memory: 8066 MB
BatchMode: 1, IsHumanControllingUs: 0, StartBugReporterOnCrash: 0, Is64bit: 1, IsPro: 0

 COMMAND LINE ARGUMENTS:
D:\Unity\2020.3.12f1\Editor\Unity.exe
-adb2
-batchMode
-noUpm
-name
AssetImportWorker0
-projectPath
C:/Users/Ren/Documents/Ludum_JusquauBoutDeLaNuit
-logFile
Logs/AssetImportWorker0.log
-srvPort
57070
Successfully changed project path to: C:/Users/Ren/Documents/Ludum_JusquauBoutDeLaNuit
C:/Users/Ren/Documents/Ludum_JusquauBoutDeLaNuit
Using Asset Import Pipeline V2.
Refreshing native plugins compatible for Editor in 43.29 ms, found 3 plugins.
Preloading 0 native plugins for Editor in 0.00 ms.
Initialize engine version: 2020.3.12f1 (b3b2c6512326)
[Subsystems] Discovering subsystems at path D:/Unity/2020.3.12f1/Editor/Data/Resources/UnitySubsystems
[Subsystems] Discovering subsystems at path C:/Users/Ren/Documents/Ludum_JusquauBoutDeLaNuit/Assets
GfxDevice: creating device client; threaded=0
Direct3D:
    Version:  Direct3D 11.0 [level 11.1]
    Renderer: NVIDIA GeForce GTX 1050 (ID=0x1c8d)
    Vendor:   
    VRAM:     1977 MB
    Driver:   27.21.14.5749
Initialize mono
Mono path[0] = 'D:/Unity/2020.3.12f1/Editor/Data/Managed'
Mono path[1] = 'D:/Unity/2020.3.12f1/Editor/Data/MonoBleedingEdge/lib/mono/unityjit'
Mono config path = 'D:/Unity/2020.3.12f1/Editor/Data/MonoBleedingEdge/etc'
Using monoOptions --debugger-agent=transport=dt_socket,embedding=1,server=y,suspend=n,address=127.0.0.1:56344
Begin MonoManager ReloadAssembly
Registering precompiled unity dll's ...
Register platform support module: D:/Unity/2020.3.12f1/Editor/Data/PlaybackEngines/WindowsStandaloneSupport/UnityEditor.WindowsStandalone.Extensions.dll
Registered in 0.001178 seconds.
Native extension for WindowsStandalone target not found
Refreshing native plugins compatible for Editor in 41.20 ms, found 3 plugins.
Preloading 0 native plugins for Editor in 0.00 ms.
Mono: successfully reloaded assembly
- Completed reload, in  1.073 seconds
Platform modules already initialized, skipping
Registering precompiled user dll's ...
Registered in 0.003632 seconds.
Begin MonoManager ReloadAssembly
Native extension for WindowsStandalone target not found
Refreshing native plugins compatible for Editor in 43.50 ms, found 3 plugins.
Preloading 0 native plugins for Editor in 0.00 ms.
Mono: successfully reloaded assembly
- Completed reload, in  1.243 seconds
Platform modules already initialized, skipping
========================================================================
Worker process is ready to serve import requests
Launched and connected shader compiler UnityShaderCompiler.exe after 0.07 seconds
Refreshing native plugins compatible for Editor in 0.55 ms, found 3 plugins.
Preloading 0 native plugins for Editor in 0.00 ms.
Unloading 2084 Unused Serialized files (Serialized files now loaded: 0)
System memory in use before: 92.8 MB.
System memory in use after: 92.9 MB.

Unloading 28 unused Assets to reduce memory usage. Loaded Objects now: 2522.
Total: 22.104200 ms (FindLiveObjects: 0.234400 ms CreateObjectMapping: 0.090100 ms MarkObjects: 21.698600 ms  DeleteObjects: 0.079300 ms)

AssetImportParameters requested are different than current active one (requested -> active):
  custom:framework-win-MediaFoundation: 216162199b28c13a410421893ffa2e32 -> 
  custom:video-decoder-ogg-theora: a1e56fd34408186e4bbccfd4996cb3dc -> 
  custom:container-muxer-webm: aa71ff27fc2769a1b78a27578f13a17b -> 
  custom:container-demuxer-webm: 4f35f7cbe854078d1ac9338744f61a02 -> 
  custom:container-demuxer-ogg: 62fdf1f143b41e24485cea50d1cbac27 -> 
  custom:video-encoder-webm-vp8: eb34c28f22e8b96e1ab97ce403110664 -> 
  custom:video-decoder-webm-vp8: 9c59270c3fd7afecdb556c50c9e8de78 -> 
  custom:audio-decoder-ogg-vorbis: bf7c407c2cedff20999df2af8eb42d56 -> 
  custom:audio-encoder-webm-vorbis: bf7c407c2cedff20999df2af8eb42d56 -> 
========================================================================
Received Import Request.
  path: Assets
  artifactKey: Guid(00000000000000001000000000000000) Importer(815301076,1909f56bfc062723c751e8b465ee728b)
Start importing Assets using Guid(00000000000000001000000000000000) Importer(815301076,1909f56bfc062723c751e8b465ee728b)  -> (artifact id: '42d402b061de3733987d63b9cc3b64de') in 0.020186 seconds 
  Import took 0.023815 seconds .

========================================================================
Received Import Request.
  Time since last request: 4.740506 seconds.
  path: Assets/Triste
  artifactKey: Guid(a0c116d65776fb54c8446c98a2678a0a) Importer(815301076,1909f56bfc062723c751e8b465ee728b)
Start importing Assets/Triste using Guid(a0c116d65776fb54c8446c98a2678a0a) Importer(815301076,1909f56bfc062723c751e8b465ee728b)  -> (artifact id: 'c92e4eef99933548819f8f5ff30eb241') in 0.011834 seconds 
  Import took 0.016527 seconds .

========================================================================
Received Import Request.
  Time since last request: 0.003314 seconds.
  path: Assets/Triste
  artifactKey: Guid(a0c116d65776fb54c8446c98a2678a0a) Importer(815301076,1909f56bfc062723c751e8b465ee728b)
Start importing Assets/Triste using Guid(a0c116d65776fb54c8446c98a2678a0a) Importer(815301076,1909f56bfc062723c751e8b465ee728b)  -> (artifact id: 'c92e4eef99933548819f8f5ff30eb241') in 0.003004 seconds 
  Import took 0.007808 seconds .

========================================================================
Received Import Request.
  Time since last request: 89.190545 seconds.
  path: Assets/toutriste.cs
  artifactKey: Guid(53ede96034a1a254f88c4873ac0fa9ab) Importer(815301076,1909f56bfc062723c751e8b465ee728b)
Start importing Assets/toutriste.cs using Guid(53ede96034a1a254f88c4873ac0fa9ab) Importer(815301076,1909f56bfc062723c751e8b465ee728b)  -> (artifact id: '9a411f787f37e77a46747cdaadff355e') in 0.054711 seconds 
  Import took 0.059672 seconds .

========================================================================
Received Import Request.
  Time since last request: 0.009924 seconds.
  path: Assets/toutriste.cs
  artifactKey: Guid(53ede96034a1a254f88c4873ac0fa9ab) Importer(815301076,1909f56bfc062723c751e8b465ee728b)
Start importing Assets/toutriste.cs using Guid(53ede96034a1a254f88c4873ac0fa9ab) Importer(815301076,1909f56bfc062723c751e8b465ee728b)  -> (artifact id: '9a411f787f37e77a46747cdaadff355e') in 0.003225 seconds 
  Import took 0.007785 seconds .

AssetImportWorkerClient::OnTransportError - code=2 error=End of file
